[2018-02-27T14:59:32.900] [ERROR] crud-model - ERROR { Error: ER_DUP_ENTRY: Duplicate entry '' for key 'users_login_uindex'
    at Query.Sequence._packetToError (C:\projects\garcon\api\node_modules\mysql\lib\protocol\sequences\Sequence.js:52:14)
    at Query.ErrorPacket (C:\projects\garcon\api\node_modules\mysql\lib\protocol\sequences\Query.js:77:18)
    at Protocol._parsePacket (C:\projects\garcon\api\node_modules\mysql\lib\protocol\Protocol.js:279:23)
    at Parser.write (C:\projects\garcon\api\node_modules\mysql\lib\protocol\Parser.js:76:12)
    at Protocol.write (C:\projects\garcon\api\node_modules\mysql\lib\protocol\Protocol.js:39:16)
    at Socket.<anonymous> (C:\projects\garcon\api\node_modules\mysql\lib\Connection.js:103:28)
    at Socket.emit (events.js:160:13)
    at addChunk (_stream_readable.js:269:12)
    at readableAddChunk (_stream_readable.js:256:11)
    at Socket.Readable.push (_stream_readable.js:213:10)
    at TCP.onread (net.js:602:20)
    --------------------
    at Protocol._enqueue (C:\projects\garcon\api\node_modules\mysql\lib\protocol\Protocol.js:145:48)
    at Connection.query (C:\projects\garcon\api\node_modules\mysql\lib\Connection.js:208:25)
    at C:\projects\garcon\api\node_modules\knex\lib\dialects\mysql\header.js:157:18
    at Promise._execute (C:\projects\garcon\api\node_modules\knex\node_modules\bluebird\js\release\debuggability.js:303:9)
    at Promise._resolveFromExecutor (C:\projects\garcon\api\node_modules\knex\node_modules\bluebird\js\release\promise.js:483:18)
    at new Promise (C:\projects\garcon\api\node_modules\knex\node_modules\bluebird\js\release\promise.js:79:10)
    at Client_MySQL._query (C:\projects\garcon\api\node_modules\knex\lib\dialects\mysql\header.js:151:12)
    at Client_MySQL.query (C:\projects\garcon\api\node_modules\knex\lib\client.js:205:17)
    at Runner.<anonymous> (C:\projects\garcon\api\node_modules\knex\lib\runner.js:149:36)
    at Runner.tryCatcher (C:\projects\garcon\api\node_modules\knex\node_modules\bluebird\js\release\util.js:16:23)
    at Runner.query (C:\projects\garcon\api\node_modules\knex\node_modules\bluebird\js\release\method.js:15:34)
    at C:\projects\garcon\api\node_modules\knex\lib\runner.js:61:21
    at tryCatcher (C:\projects\garcon\api\node_modules\knex\node_modules\bluebird\js\release\util.js:16:23)
    at C:\projects\garcon\api\node_modules\knex\node_modules\bluebird\js\release\using.js:185:26
    at tryCatcher (C:\projects\garcon\api\node_modules\knex\node_modules\bluebird\js\release\util.js:16:23)
    at Promise._settlePromiseFromHandler (C:\projects\garcon\api\node_modules\knex\node_modules\bluebird\js\release\promise.js:512:31)
    at Promise._settlePromise (C:\projects\garcon\api\node_modules\knex\node_modules\bluebird\js\release\promise.js:569:18)
    at Promise._settlePromise0 (C:\projects\garcon\api\node_modules\knex\node_modules\bluebird\js\release\promise.js:614:10)
    at Promise._settlePromises (C:\projects\garcon\api\node_modules\knex\node_modules\bluebird\js\release\promise.js:693:18)
    at Promise._fulfill (C:\projects\garcon\api\node_modules\knex\node_modules\bluebird\js\release\promise.js:638:18)
    at PromiseArray._resolve (C:\projects\garcon\api\node_modules\knex\node_modules\bluebird\js\release\promise_array.js:126:19)
    at PromiseArray._promiseFulfilled (C:\projects\garcon\api\node_modules\knex\node_modules\bluebird\js\release\promise_array.js:144:14)
  code: 'ER_DUP_ENTRY',
  errno: 1062,
  sqlMessage: 'Duplicate entry \'\' for key \'users_login_uindex\'',
  sqlState: '23000',
  index: 0,
  sql: 'insert into `users` () values ()' }
